Default/evWinda2Piate.java
Default/evTrzecieGora.java
Default/Pasazer.java
Default/evAlarm.java
Default/evUruchom.java
Default/evWinda2Czwarte.java
Default/evDrugieDol.java
Default/evWinda1Czwarte.java
Default/evWinda2Pierwsze.java
Default/evPiateDol.java
Default/Sterownik.java
Default/evWinda1Piate.java
Default/evDrugieGora.java
Default/Osoba_przed_winda.java
Default/evWinda1Trzecie.java
Default/evCzwarteDol.java
Default/evPierwszeDol.java
Default/evWinda1Drugie.java
Default/Winda.java
MainDefaultComponent.java
Default/evWinda2Drugie.java
Default/evCzwarteGora.java
Default/evPierwszeGora.java
Default/evWinda2Parter.java
Default/evWinda1Pierwsze.java
Default/Default_pkgClass.java
Default/evTrzecieDol.java
Default/evParterGora.java
Default/evWinda2Trzecie.java
Default/evWinda1Parter.java
